[debug] [2025-10-08T16:10:45.273Z] ----------------------------------------------------------------------
[debug] [2025-10-08T16:10:45.275Z] Command:       C:\nvm4w\nodejs\node.exe C:\nvm4w\nodejs\node_modules\firebase-tools\lib\bin\firebase.js init functions
[debug] [2025-10-08T16:10:45.275Z] CLI Version:   14.19.0
[debug] [2025-10-08T16:10:45.275Z] Platform:      win32
[debug] [2025-10-08T16:10:45.275Z] Node Version:  v20.18.0
[debug] [2025-10-08T16:10:45.275Z] Time:          Wed Oct 08 2025 11:10:45 GMT-0500 (Central Daylight Time)
[debug] [2025-10-08T16:10:45.276Z] ----------------------------------------------------------------------
[debug] 
[info] 
     ######## #### ########  ######## ########     ###     ######  ########
     ##        ##  ##     ## ##       ##     ##  ##   ##  ##       ##
     ######    ##  ########  ######   ########  #########  ######  ######
     ##        ##  ##    ##  ##       ##     ## ##     ##       ## ##
     ##       #### ##     ## ######## ########  ##     ##  ######  ########

You're about to initialize a Firebase project in this directory:

  C:\Users\ReallyNotColin\Documents\FrontRow-Capstone

Before we get started, keep in mind:

  * You are initializing within an existing Firebase project directory

[info] 
=== Project Setup
[info] 
[info] First, let's associate this project directory with a Firebase project.
[info] You can create multiple project aliases by running firebase use --add, 
[info] 
[debug] [2025-10-08T16:11:00.805Z] > command requires scopes: ["email","openid","https://www.googleapis.com/auth/cloudplatformprojects.readonly","https://www.googleapis.com/auth/firebase","https://www.googleapis.com/auth/cloud-platform"]
[debug] [2025-10-08T16:11:00.806Z] > authorizing via signed-in user (cmb153@email.latech.edu)
[debug] [2025-10-08T16:11:00.807Z] Checked if tokens are valid: true, expires at: 1759943410960
[debug] [2025-10-08T16:11:00.807Z] Checked if tokens are valid: true, expires at: 1759943410960
[debug] [2025-10-08T16:11:00.809Z] >>> [apiv2][query] GET https://firebase.googleapis.com/v1beta1/projects/nibblewise-78537 [none]
[debug] [2025-10-08T16:11:01.088Z] <<< [apiv2][status] GET https://firebase.googleapis.com/v1beta1/projects/nibblewise-78537 200
[debug] [2025-10-08T16:11:01.088Z] <<< [apiv2][body] GET https://firebase.googleapis.com/v1beta1/projects/nibblewise-78537 {"projectId":"nibblewise-78537","projectNumber":"645345181836","displayName":"NibbleWise","name":"projects/nibblewise-78537","resources":{"hostingSite":"nibblewise-78537"},"state":"ACTIVE","etag":"1_5f97cd9f-7198-431e-9bd4-2db7629d60b7"}
[info] i  Using project nibblewise-78537 (NibbleWise) . 
[info] 
=== Functions Setup
[debug] [2025-10-08T16:11:01.183Z] > command requires scopes: ["email","openid","https://www.googleapis.com/auth/cloudplatformprojects.readonly","https://www.googleapis.com/auth/firebase","https://www.googleapis.com/auth/cloud-platform"]
[debug] [2025-10-08T16:11:01.183Z] > authorizing via signed-in user (cmb153@email.latech.edu)
[debug] [2025-10-08T16:11:01.183Z] [iam] checking project nibblewise-78537 for permissions ["firebase.projects.get"]
[debug] [2025-10-08T16:11:01.184Z] Checked if tokens are valid: true, expires at: 1759943410960
[debug] [2025-10-08T16:11:01.184Z] Checked if tokens are valid: true, expires at: 1759943410960
[debug] [2025-10-08T16:11:01.184Z] >>> [apiv2][query] POST https://cloudresourcemanager.googleapis.com/v1/projects/nibblewise-78537:testIamPermissions [none]
[debug] [2025-10-08T16:11:01.184Z] >>> [apiv2][(partial)header] POST https://cloudresourcemanager.googleapis.com/v1/projects/nibblewise-78537:testIamPermissions x-goog-quota-user=projects/nibblewise-78537
[debug] [2025-10-08T16:11:01.184Z] >>> [apiv2][body] POST https://cloudresourcemanager.googleapis.com/v1/projects/nibblewise-78537:testIamPermissions {"permissions":["firebase.projects.get"]}
[debug] [2025-10-08T16:11:01.372Z] <<< [apiv2][status] POST https://cloudresourcemanager.googleapis.com/v1/projects/nibblewise-78537:testIamPermissions 200
[debug] [2025-10-08T16:11:01.372Z] <<< [apiv2][body] POST https://cloudresourcemanager.googleapis.com/v1/projects/nibblewise-78537:testIamPermissions {"permissions":["firebase.projects.get"]}
[debug] [2025-10-08T16:11:01.373Z] Checked if tokens are valid: true, expires at: 1759943410960
[debug] [2025-10-08T16:11:01.373Z] Checked if tokens are valid: true, expires at: 1759943410960
[debug] [2025-10-08T16:11:01.374Z] Checked if tokens are valid: true, expires at: 1759943410960
[debug] [2025-10-08T16:11:01.374Z] Checked if tokens are valid: true, expires at: 1759943410960
[debug] [2025-10-08T16:11:01.374Z] >>> [apiv2][query] GET https://serviceusage.googleapis.com/v1/projects/nibblewise-78537/services/cloudfunctions.googleapis.com [none]
[debug] [2025-10-08T16:11:01.374Z] >>> [apiv2][(partial)header] GET https://serviceusage.googleapis.com/v1/projects/nibblewise-78537/services/cloudfunctions.googleapis.com x-goog-quota-user=projects/nibblewise-78537
[debug] [2025-10-08T16:11:01.376Z] >>> [apiv2][query] GET https://serviceusage.googleapis.com/v1/projects/nibblewise-78537/services/runtimeconfig.googleapis.com [none]
[debug] [2025-10-08T16:11:01.376Z] >>> [apiv2][(partial)header] GET https://serviceusage.googleapis.com/v1/projects/nibblewise-78537/services/runtimeconfig.googleapis.com x-goog-quota-user=projects/nibblewise-78537
[debug] [2025-10-08T16:11:01.665Z] <<< [apiv2][status] GET https://serviceusage.googleapis.com/v1/projects/nibblewise-78537/services/runtimeconfig.googleapis.com 200
[debug] [2025-10-08T16:11:01.665Z] <<< [apiv2][body] GET https://serviceusage.googleapis.com/v1/projects/nibblewise-78537/services/runtimeconfig.googleapis.com [omitted]
[debug] [2025-10-08T16:11:01.674Z] <<< [apiv2][status] GET https://serviceusage.googleapis.com/v1/projects/nibblewise-78537/services/cloudfunctions.googleapis.com 200
[debug] [2025-10-08T16:11:01.674Z] <<< [apiv2][body] GET https://serviceusage.googleapis.com/v1/projects/nibblewise-78537/services/cloudfunctions.googleapis.com [omitted]
[info] 
Detected existing codebase(s): default

[info] Let's create a new codebase for your functions.
[info] A directory corresponding to the codebase will be created in your project
[info] with sample code pre-configured.

[info] See https://firebase.google.com/docs/functions/organize-functions for
[info] more information on organizing your functions using codebases.

[info] Functions can be deployed with firebase deploy.

[debug] [2025-10-08T16:11:14.872Z] ExitPromptError: User force closed the prompt with SIGINT
    at Interface.sigint (C:\Users\ReallyNotColin\AppData\Local\nvm\v20.18.0\node_modules\firebase-tools\node_modules\@inquirer\core\dist\commonjs\lib\create-prompt.js:101:37)
    at Interface.emit (node:events:519:28)
    at Interface.emit (node:domain:488:12)
    at [_ttyWrite] [as _ttyWrite] (node:internal/readline/interface:1126:18)
    at ReadStream.onkeypress (node:internal/readline/interface:265:20)
    at ReadStream.emit (node:events:531:35)
    at ReadStream.emit (node:domain:488:12)
    at emitKeys (node:internal/readline/utils:371:14)
    at emitKeys.next (<anonymous>)
    at ReadStream.onData (node:internal/readline/emitKeypressEvents:64:36)
[error] 
[error] Error: An unexpected error has occurred.
