[debug] [2025-10-26T15:53:53.849Z] ----------------------------------------------------------------------
[debug] [2025-10-26T15:53:53.853Z] Command:       C:\Program Files\nodejs\node.exe C:\Users\anama\AppData\Roaming\npm\node_modules\firebase-tools\lib\bin\firebase.js emulators:start --project nibblewise-78537 --config .\firebase.json
[debug] [2025-10-26T15:53:53.853Z] CLI Version:   14.22.0
[debug] [2025-10-26T15:53:53.854Z] Platform:      win32
[debug] [2025-10-26T15:53:53.854Z] Node Version:  v22.17.0
[debug] [2025-10-26T15:53:53.854Z] Time:          Sun Oct 26 2025 10:53:53 GMT-0500 (Central Daylight Time)
[debug] [2025-10-26T15:53:53.855Z] ----------------------------------------------------------------------
[debug] 
[debug] [2025-10-26T15:53:53.858Z] >>> [apiv2][query] GET https://firebase-public.firebaseio.com/cli.json [none]
[debug] [2025-10-26T15:53:54.226Z] > command requires scopes: ["email","openid","https://www.googleapis.com/auth/cloudplatformprojects.readonly","https://www.googleapis.com/auth/firebase","https://www.googleapis.com/auth/cloud-platform"]
[debug] [2025-10-26T15:53:54.227Z] > authorizing via signed-in user (amo035@email.latech.edu)
[info] i  emulators: Starting emulators: functions, extensions {"metadata":{"emulator":{"name":"hub"},"message":"Starting emulators: functions, extensions"}}
[debug] [2025-10-26T15:53:54.233Z] Checked if tokens are valid: false, expires at: 1761337372009
[debug] [2025-10-26T15:53:54.233Z] Checked if tokens are valid: false, expires at: 1761337372009
[debug] [2025-10-26T15:53:54.233Z] > refreshing access token with scopes: []
[debug] [2025-10-26T15:53:54.234Z] >>> [apiv2][query] POST https://www.googleapis.com/oauth2/v3/token [none]
[debug] [2025-10-26T15:53:54.234Z] >>> [apiv2][body] POST https://www.googleapis.com/oauth2/v3/token [omitted]
[debug] [2025-10-26T15:53:54.362Z] <<< [apiv2][status] GET https://firebase-public.firebaseio.com/cli.json 200
[debug] [2025-10-26T15:53:54.363Z] <<< [apiv2][body] GET https://firebase-public.firebaseio.com/cli.json {"cloudBuildErrorAfter":1594252800000,"cloudBuildWarnAfter":1590019200000,"defaultNode10After":1594252800000,"minVersion":"3.0.5","node8DeploysDisabledAfter":1613390400000,"node8RuntimeDisabledAfter":1615809600000,"node8WarnAfter":1600128000000}
[debug] [2025-10-26T15:53:54.377Z] <<< [apiv2][status] POST https://www.googleapis.com/oauth2/v3/token 200
[debug] [2025-10-26T15:53:54.377Z] <<< [apiv2][body] POST https://www.googleapis.com/oauth2/v3/token [omitted]
[debug] [2025-10-26T15:53:54.387Z] >>> [apiv2][query] GET https://serviceusage.googleapis.com/v1/projects/nibblewise-78537/services/cloudresourcemanager.googleapis.com [none]
[debug] [2025-10-26T15:53:54.387Z] >>> [apiv2][(partial)header] GET https://serviceusage.googleapis.com/v1/projects/nibblewise-78537/services/cloudresourcemanager.googleapis.com x-goog-quota-user=projects/nibblewise-78537
[debug] [2025-10-26T15:53:54.705Z] <<< [apiv2][status] GET https://serviceusage.googleapis.com/v1/projects/nibblewise-78537/services/cloudresourcemanager.googleapis.com 200
[debug] [2025-10-26T15:53:54.705Z] <<< [apiv2][body] GET https://serviceusage.googleapis.com/v1/projects/nibblewise-78537/services/cloudresourcemanager.googleapis.com [omitted]
[debug] [2025-10-26T15:53:54.713Z] Checked if tokens are valid: true, expires at: 1761497633377
[debug] [2025-10-26T15:53:54.714Z] Checked if tokens are valid: true, expires at: 1761497633377
[debug] [2025-10-26T15:53:54.714Z] >>> [apiv2][query] GET https://cloudresourcemanager.googleapis.com/v1/projects/nibblewise-78537 [none]
[debug] [2025-10-26T15:53:54.927Z] <<< [apiv2][status] GET https://cloudresourcemanager.googleapis.com/v1/projects/nibblewise-78537 200
[debug] [2025-10-26T15:53:54.928Z] <<< [apiv2][body] GET https://cloudresourcemanager.googleapis.com/v1/projects/nibblewise-78537 {"projectNumber":"645345181836","projectId":"nibblewise-78537","lifecycleState":"ACTIVE","name":"NibbleWise","labels":{"firebase":"enabled","firebase-core":"disabled"},"createTime":"2025-08-12T15:02:48.562544Z"}
[debug] [2025-10-26T15:53:54.944Z] [logging] Logging Emulator only supports listening on one address (127.0.0.1). Not listening on ::1
[debug] [2025-10-26T15:53:54.944Z] assigned listening specs for emulators {"user":{"hub":[{"address":"127.0.0.1","family":"IPv4","port":4400},{"address":"::1","family":"IPv6","port":4400}],"ui":[{"address":"127.0.0.1","family":"IPv4","port":4000},{"address":"::1","family":"IPv6","port":4000}],"logging":[{"address":"127.0.0.1","family":"IPv4","port":4500}]},"metadata":{"message":"assigned listening specs for emulators"}}
[debug] [2025-10-26T15:53:54.949Z] Emulator locator file path: C:\Users\anama\AppData\Local\Temp\hub-nibblewise-78537.json
[debug] [2025-10-26T15:53:54.950Z] [hub] writing locator at C:\Users\anama\AppData\Local\Temp\hub-nibblewise-78537.json
[debug] [2025-10-26T15:53:54.960Z] [Extensions] Started Extensions emulator, this is a noop.
[debug] [2025-10-26T15:53:54.968Z] [eventarc] Eventarc Emulator only supports listening on one address (127.0.0.1). Not listening on ::1
[debug] [2025-10-26T15:53:54.968Z] [tasks] Cloud Tasks Emulator only supports listening on one address (127.0.0.1). Not listening on ::1
[debug] [2025-10-26T15:53:54.968Z] late-assigned ports for functions and eventarc emulators {"user":{"hub":[{"address":"127.0.0.1","family":"IPv4","port":4400},{"address":"::1","family":"IPv6","port":4400}],"ui":[{"address":"127.0.0.1","family":"IPv4","port":4000},{"address":"::1","family":"IPv6","port":4000}],"logging":[{"address":"127.0.0.1","family":"IPv4","port":4500}],"functions":[{"address":"0.0.0.0","family":"IPv4","port":5001}],"eventarc":[{"address":"127.0.0.1","family":"IPv4","port":9299}],"tasks":[{"address":"127.0.0.1","family":"IPv4","port":9499}]},"metadata":{"message":"late-assigned ports for functions and eventarc emulators"}}
[warn] !  functions: The following emulators are not running, calls to these services from the Functions emulator will affect production: apphosting, auth, firestore, database, hosting, pubsub, storage, dataconnect {"metadata":{"emulator":{"name":"functions"},"message":"The following emulators are not running, calls to these services from the Functions emulator will affect production: \u001b[1mapphosting, auth, firestore, database, hosting, pubsub, storage, dataconnect\u001b[22m"}}
[debug] [2025-10-26T15:53:55.001Z] defaultcredentials: writing to file C:\Users\anama\AppData\Roaming\firebase\amo035_email_latech.edu_application_default_credentials.json
[debug] [2025-10-26T15:53:55.004Z] Setting GAC to C:\Users\anama\AppData\Roaming\firebase\amo035_email_latech.edu_application_default_credentials.json {"metadata":{"emulator":{"name":"functions"},"message":"Setting GAC to C:\\Users\\anama\\AppData\\Roaming\\firebase\\amo035_email_latech.edu_application_default_credentials.json"}}
[debug] [2025-10-26T15:53:55.005Z] Checked if tokens are valid: true, expires at: 1761497633377
[debug] [2025-10-26T15:53:55.005Z] Checked if tokens are valid: true, expires at: 1761497633377
[debug] [2025-10-26T15:53:55.005Z] >>> [apiv2][query] GET https://firebase.googleapis.com/v1beta1/projects/nibblewise-78537/adminSdkConfig [none]
[debug] [2025-10-26T15:53:55.260Z] <<< [apiv2][status] GET https://firebase.googleapis.com/v1beta1/projects/nibblewise-78537/adminSdkConfig 200
[debug] [2025-10-26T15:53:55.261Z] <<< [apiv2][body] GET https://firebase.googleapis.com/v1beta1/projects/nibblewise-78537/adminSdkConfig {"projectId":"nibblewise-78537","storageBucket":"nibblewise-78537.firebasestorage.app"}
[debug] [2025-10-26T15:53:55.290Z] [Extensions] Connecting Extensions emulator, this is a noop.
[info] i  functions: Watching "C:\Users\anama\Documents\GitHub\FrontRow-Capstone\backend\functions" for Cloud Functions... {"metadata":{"emulator":{"name":"functions"},"message":"Watching \"C:\\Users\\anama\\Documents\\GitHub\\FrontRow-Capstone\\backend\\functions\" for Cloud Functions..."}}
[debug] [2025-10-26T15:53:55.299Z] Validating nodejs source
[debug] [2025-10-26T15:53:56.665Z] > [functions] package.json contents: {
  "name": "functions",
  "version": "1.0.0",
  "private": true,
  "engines": {
    "node": "20"
  },
  "main": "lib/index.js",
  "scripts": {
    "build": "tsc",
    "clean": "rimraf lib",
    "serve": "npm run build && firebase emulators:start --only functions,firestore",
    "deploy": "npm run build && firebase deploy --only functions",
    "lint": "eslint \"src/**/*.{ts,tsx}\""
  },
  "dependencies": {
    "@google-cloud/vision": "^4.3.3",
    "expo-image-manipulator": "^14.0.7",
    "firebase-admin": "^12.7.0",
    "firebase-functions": "^6.6.0"
  },
  "devDependencies": {
    "@types/node": "^20.19.23",
    "eslint": "^9.38.0",
    "rimraf": "^6.0.1",
    "typescript": "^5.9.3"
  }
}
[debug] [2025-10-26T15:53:56.665Z] Building nodejs source
[debug] [2025-10-26T15:53:56.666Z] Failed to find version of module node: reached end of search path C:\Users\anama\Documents\GitHub\FrontRow-Capstone\backend\functions\node_modules
[warn] !  functions: Your requested "node" version "20" doesn't match your global version "22". Using node@22 from host. 
[debug] [2025-10-26T15:53:56.669Z] Could not find functions.yaml. Must use http discovery
[debug] [2025-10-26T15:53:56.682Z] Found firebase-functions binary at 'C:\Users\anama\Documents\GitHub\FrontRow-Capstone\backend\functions\node_modules\.bin\firebase-functions'
[info] Serving at port 8030

[debug] [2025-10-26T15:53:59.124Z] Got response from /__/functions.yaml {"endpoints":{"reviewTicket":{"availableMemoryMb":null,"timeoutSeconds":null,"minInstances":null,"maxInstances":null,"ingressSettings":null,"concurrency":null,"serviceAccountEmail":null,"vpc":null,"platform":"gcfv2","region":["us-central1"],"labels":{},"callableTrigger":{},"entryPoint":"reviewTicket"},"scanNutritionFromImage":{"availableMemoryMb":null,"timeoutSeconds":null,"minInstances":null,"maxInstances":5,"ingressSettings":null,"concurrency":null,"serviceAccountEmail":null,"vpc":null,"platform":"gcfv2","region":["us-central1"],"labels":{},"callableTrigger":{},"entryPoint":"scanNutritionFromImage"}},"specVersion":"v1alpha1","requiredAPIs":[],"extensions":{}}
[debug] [2025-10-26T15:54:03.221Z] defaultcredentials: writing to file C:\Users\anama\AppData\Roaming\firebase\amo035_email_latech.edu_application_default_credentials.json
[debug] [2025-10-26T15:54:03.222Z] Setting GAC to C:\Users\anama\AppData\Roaming\firebase\amo035_email_latech.edu_application_default_credentials.json {"metadata":{"emulator":{"name":"functions"},"message":"Setting GAC to C:\\Users\\anama\\AppData\\Roaming\\firebase\\amo035_email_latech.edu_application_default_credentials.json"}}
[info] +  functions: Loaded functions definitions from source: reviewTicket, scanNutritionFromImage. {"metadata":{"emulator":{"name":"functions"},"message":"Loaded functions definitions from source: reviewTicket, scanNutritionFromImage."}}
[info] +  functions[us-central1-reviewTicket]: http function initialized (http://127.0.0.1:5001/nibblewise-78537/us-central1/reviewTicket). {"metadata":{"emulator":{"name":"functions"},"message":"\u001b[1mhttp\u001b[22m function initialized (http://127.0.0.1:5001/nibblewise-78537/us-central1/reviewTicket)."}}
[info] +  functions[us-central1-scanNutritionFromImage]: http function initialized (http://127.0.0.1:5001/nibblewise-78537/us-central1/scanNutritionFromImage). {"metadata":{"emulator":{"name":"functions"},"message":"\u001b[1mhttp\u001b[22m function initialized (http://127.0.0.1:5001/nibblewise-78537/us-central1/scanNutritionFromImage)."}}
[debug] [2025-10-26T15:54:03.232Z] Could not find VSCode notification endpoint: FetchError: request to http://localhost:40001/vscode/notify failed, reason: . If you are not running the Firebase Data Connect VSCode extension, this is expected and not an issue.
[info] 
┌─────────────────────────────────────────────────────────────┐
│ ✔  All emulators ready! It is now safe to connect your app. │
│ i  View Emulator UI at http://127.0.0.1:4000/               │
└─────────────────────────────────────────────────────────────┘

┌────────────┬──────────────┬──────────────────────────────────┐
│ Emulator   │ Host:Port    │ View in Emulator UI              │
├────────────┼──────────────┼──────────────────────────────────┤
│ Functions  │ 0.0.0.0:5001 │ http://127.0.0.1:4000/functions  │
├────────────┼──────────────┼──────────────────────────────────┤
│ Extensions │ 0.0.0.0:5001 │ http://127.0.0.1:4000/extensions │
└────────────┴──────────────┴──────────────────────────────────┘
  Emulator Hub host: 127.0.0.1 port: 4400
  Other reserved ports: 4500
┌─────────────────────────┬───────────────┬─────────────────────┐
│ Extension Instance Name │ Extension Ref │ View in Emulator UI │
└─────────────────────────┴───────────────┴─────────────────────┘
Issues? Report them at https://github.com/firebase/firebase-tools/issues and attach the *-debug.log files.
 
[debug] [2025-10-26T15:57:48.158Z] [work-queue] {"queuedWork":["/nibblewise-78537/us-central1/scanNutritionFromImage-2025-10-26T15:57:48.157Z"],"queueLength":1,"runningWork":[],"workRunningCount":0}
[debug] [2025-10-26T15:57:48.162Z] [work-queue] {"queuedWork":[],"queueLength":0,"runningWork":["/nibblewise-78537/us-central1/scanNutritionFromImage-2025-10-26T15:57:48.157Z"],"workRunningCount":1}
[debug] [2025-10-26T15:57:48.163Z] Accepted request POST /nibblewise-78537/us-central1/scanNutritionFromImage --> us-central1-scanNutritionFromImage
[debug] [2025-10-26T15:57:48.167Z] [functions] Runtime ready! Sending request! {"metadata":{"emulator":{"name":"functions"},"message":"[functions] Runtime ready! Sending request!"}}
[debug] [2025-10-26T15:57:48.170Z] [functions] Got req.url=/nibblewise-78537/us-central1/scanNutritionFromImage, mapping to path=/ {"metadata":{"emulator":{"name":"functions"},"message":"[functions] Got req.url=/nibblewise-78537/us-central1/scanNutritionFromImage, mapping to path=/"}}
[debug] [2025-10-26T15:57:48.203Z] [worker-pool] addWorker(us-central1-scanNutritionFromImage) {"metadata":{"emulator":{"name":"functions"},"message":"[worker-pool] addWorker(us-central1-scanNutritionFromImage)"}}
[debug] [2025-10-26T15:57:48.205Z] [worker-pool] Adding worker with key us-central1-scanNutritionFromImage, total=1 {"metadata":{"emulator":{"name":"functions"},"message":"[worker-pool] Adding worker with key us-central1-scanNutritionFromImage, total=1"}}
[debug] [2025-10-26T15:57:50.534Z] [runtime-status] [23880] Resolved module firebase-admin {"declared":true,"installed":true,"version":"12.7.0","resolution":"C:\\Users\\anama\\Documents\\GitHub\\FrontRow-Capstone\\backend\\functions\\node_modules\\firebase-admin\\lib\\index.js"} {"metadata":{"emulator":{"name":"functions"},"function":{"name":"us-central1-scanNutritionFromImage"},"extension":{},"message":"[runtime-status] [23880] Resolved module firebase-admin {\"declared\":true,\"installed\":true,\"version\":\"12.7.0\",\"resolution\":\"C:\\\\Users\\\\anama\\\\Documents\\\\GitHub\\\\FrontRow-Capstone\\\\backend\\\\functions\\\\node_modules\\\\firebase-admin\\\\lib\\\\index.js\"}"}}
[debug] [2025-10-26T15:57:50.537Z] [runtime-status] [23880] Resolved module firebase-functions {"declared":true,"installed":true,"version":"6.6.0","resolution":"C:\\Users\\anama\\Documents\\GitHub\\FrontRow-Capstone\\backend\\functions\\node_modules\\firebase-functions\\lib\\v2\\index.js"} {"metadata":{"emulator":{"name":"functions"},"function":{"name":"us-central1-scanNutritionFromImage"},"extension":{},"message":"[runtime-status] [23880] Resolved module firebase-functions {\"declared\":true,\"installed\":true,\"version\":\"6.6.0\",\"resolution\":\"C:\\\\Users\\\\anama\\\\Documents\\\\GitHub\\\\FrontRow-Capstone\\\\backend\\\\functions\\\\node_modules\\\\firebase-functions\\\\lib\\\\v2\\\\index.js\"}"}}
[debug] [2025-10-26T15:57:50.538Z] [runtime-status] [23880] Outgoing network have been stubbed. [{"name":"http","status":"mocked"},{"name":"http","status":"mocked"},{"name":"https","status":"mocked"},{"name":"https","status":"mocked"},{"name":"net","status":"mocked"}] {"metadata":{"emulator":{"name":"functions"},"function":{"name":"us-central1-scanNutritionFromImage"},"extension":{},"message":"[runtime-status] [23880] Outgoing network have been stubbed. [{\"name\":\"http\",\"status\":\"mocked\"},{\"name\":\"http\",\"status\":\"mocked\"},{\"name\":\"https\",\"status\":\"mocked\"},{\"name\":\"https\",\"status\":\"mocked\"},{\"name\":\"net\",\"status\":\"mocked\"}]"}}
[debug] [2025-10-26T15:57:50.540Z] [runtime-status] [23880] Resolved module firebase-functions {"declared":true,"installed":true,"version":"6.6.0","resolution":"C:\\Users\\anama\\Documents\\GitHub\\FrontRow-Capstone\\backend\\functions\\node_modules\\firebase-functions\\lib\\v2\\index.js"} {"metadata":{"emulator":{"name":"functions"},"function":{"name":"us-central1-scanNutritionFromImage"},"extension":{},"message":"[runtime-status] [23880] Resolved module firebase-functions {\"declared\":true,\"installed\":true,\"version\":\"6.6.0\",\"resolution\":\"C:\\\\Users\\\\anama\\\\Documents\\\\GitHub\\\\FrontRow-Capstone\\\\backend\\\\functions\\\\node_modules\\\\firebase-functions\\\\lib\\\\v2\\\\index.js\"}"}}
[debug] [2025-10-26T15:57:51.281Z] [runtime-status] [23880] Checked functions.config() {"config":{}} {"metadata":{"emulator":{"name":"functions"},"function":{"name":"us-central1-scanNutritionFromImage"},"extension":{},"message":"[runtime-status] [23880] Checked functions.config() {\"config\":{}}"}}
[debug] [2025-10-26T15:57:51.282Z] [runtime-status] [23880] firebase-functions has been stubbed. {"functionsResolution":{"declared":true,"installed":true,"version":"6.6.0","resolution":"C:\\Users\\anama\\Documents\\GitHub\\FrontRow-Capstone\\backend\\functions\\node_modules\\firebase-functions\\lib\\v2\\index.js"}} {"metadata":{"emulator":{"name":"functions"},"function":{"name":"us-central1-scanNutritionFromImage"},"extension":{},"message":"[runtime-status] [23880] firebase-functions has been stubbed. {\"functionsResolution\":{\"declared\":true,\"installed\":true,\"version\":\"6.6.0\",\"resolution\":\"C:\\\\Users\\\\anama\\\\Documents\\\\GitHub\\\\FrontRow-Capstone\\\\backend\\\\functions\\\\node_modules\\\\firebase-functions\\\\lib\\\\v2\\\\index.js\"}}"}}
[debug] [2025-10-26T15:57:51.282Z] [runtime-status] [23880] Resolved module firebase-functions {"declared":true,"installed":true,"version":"6.6.0","resolution":"C:\\Users\\anama\\Documents\\GitHub\\FrontRow-Capstone\\backend\\functions\\node_modules\\firebase-functions\\lib\\v2\\index.js"} {"metadata":{"emulator":{"name":"functions"},"function":{"name":"us-central1-scanNutritionFromImage"},"extension":{},"message":"[runtime-status] [23880] Resolved module firebase-functions {\"declared\":true,\"installed\":true,\"version\":\"6.6.0\",\"resolution\":\"C:\\\\Users\\\\anama\\\\Documents\\\\GitHub\\\\FrontRow-Capstone\\\\backend\\\\functions\\\\node_modules\\\\firebase-functions\\\\lib\\\\v2\\\\index.js\"}"}}
[debug] [2025-10-26T15:57:51.293Z] [runtime-status] [23880] Resolved module firebase-admin {"declared":true,"installed":true,"version":"12.7.0","resolution":"C:\\Users\\anama\\Documents\\GitHub\\FrontRow-Capstone\\backend\\functions\\node_modules\\firebase-admin\\lib\\index.js"} {"metadata":{"emulator":{"name":"functions"},"function":{"name":"us-central1-scanNutritionFromImage"},"extension":{},"message":"[runtime-status] [23880] Resolved module firebase-admin {\"declared\":true,\"installed\":true,\"version\":\"12.7.0\",\"resolution\":\"C:\\\\Users\\\\anama\\\\Documents\\\\GitHub\\\\FrontRow-Capstone\\\\backend\\\\functions\\\\node_modules\\\\firebase-admin\\\\lib\\\\index.js\"}"}}
[debug] [2025-10-26T15:57:51.297Z] [runtime-status] [23880] Resolved module firebase-functions {"declared":true,"installed":true,"version":"6.6.0","resolution":"C:\\Users\\anama\\Documents\\GitHub\\FrontRow-Capstone\\backend\\functions\\node_modules\\firebase-functions\\lib\\v2\\index.js"} {"metadata":{"emulator":{"name":"functions"},"function":{"name":"us-central1-scanNutritionFromImage"},"extension":{},"message":"[runtime-status] [23880] Resolved module firebase-functions {\"declared\":true,\"installed\":true,\"version\":\"6.6.0\",\"resolution\":\"C:\\\\Users\\\\anama\\\\Documents\\\\GitHub\\\\FrontRow-Capstone\\\\backend\\\\functions\\\\node_modules\\\\firebase-functions\\\\lib\\\\v2\\\\index.js\"}"}}
[debug] [2025-10-26T15:57:51.298Z] [runtime-status] [23880] firebase-admin has been stubbed. {"adminResolution":{"declared":true,"installed":true,"version":"12.7.0","resolution":"C:\\Users\\anama\\Documents\\GitHub\\FrontRow-Capstone\\backend\\functions\\node_modules\\firebase-admin\\lib\\index.js"}} {"metadata":{"emulator":{"name":"functions"},"function":{"name":"us-central1-scanNutritionFromImage"},"extension":{},"message":"[runtime-status] [23880] firebase-admin has been stubbed. {\"adminResolution\":{\"declared\":true,\"installed\":true,\"version\":\"12.7.0\",\"resolution\":\"C:\\\\Users\\\\anama\\\\Documents\\\\GitHub\\\\FrontRow-Capstone\\\\backend\\\\functions\\\\node_modules\\\\firebase-admin\\\\lib\\\\index.js\"}}"}}
[debug] [2025-10-26T15:57:52.194Z] [runtime-status] [23880] initializeApp(DEFAULT) {"storageBucket":"nibblewise-78537.firebasestorage.app","projectId":"nibblewise-78537"} {"metadata":{"emulator":{"name":"functions"},"function":{"name":"us-central1-scanNutritionFromImage"},"extension":{},"message":"[runtime-status] [23880] initializeApp(DEFAULT) {\"storageBucket\":\"nibblewise-78537.firebasestorage.app\",\"projectId\":\"nibblewise-78537\"}"}}
[debug] [2025-10-26T15:57:52.340Z] [runtime-status] [23880] Functions runtime initialized. {"cwd":"C:\\Users\\anama\\Documents\\GitHub\\FrontRow-Capstone\\backend\\functions","node_version":"22.17.0"} {"metadata":{"emulator":{"name":"functions"},"function":{"name":"us-central1-scanNutritionFromImage"},"extension":{},"message":"[runtime-status] [23880] Functions runtime initialized. {\"cwd\":\"C:\\\\Users\\\\anama\\\\Documents\\\\GitHub\\\\FrontRow-Capstone\\\\backend\\\\functions\",\"node_version\":\"22.17.0\"}"}}
[debug] [2025-10-26T15:57:52.341Z] [runtime-status] [23880] Listening to port: \\?\pipe\fire_emu_b60763d1d365f5b6 {"metadata":{"emulator":{"name":"functions"},"function":{"name":"us-central1-scanNutritionFromImage"},"extension":{},"message":"[runtime-status] [23880] Listening to port: \\\\?\\pipe\\fire_emu_b60763d1d365f5b6"}}
[debug] [2025-10-26T15:57:52.412Z] [worker-us-central1-scanNutritionFromImage-6e1b9305-4ed9-4c01-ac32-799ac5a9ab6d]: IDLE {"metadata":{"emulator":{"name":"functions"},"function":{"name":"us-central1-scanNutritionFromImage"},"extension":{},"message":"[worker-us-central1-scanNutritionFromImage-6e1b9305-4ed9-4c01-ac32-799ac5a9ab6d]: IDLE"}}
[debug] [2025-10-26T15:57:52.413Z] [worker-pool] submitRequest(triggerId=us-central1-scanNutritionFromImage) {"metadata":{"emulator":{"name":"functions"},"message":"[worker-pool] submitRequest(triggerId=us-central1-scanNutritionFromImage)"}}
[info] i  functions: Beginning execution of "us-central1-scanNutritionFromImage" {"metadata":{"emulator":{"name":"functions"},"function":{"name":"us-central1-scanNutritionFromImage"},"extension":{},"message":"Beginning execution of \"us-central1-scanNutritionFromImage\""}}
[debug] [2025-10-26T15:57:52.415Z] [worker-us-central1-scanNutritionFromImage-6e1b9305-4ed9-4c01-ac32-799ac5a9ab6d]: BUSY {"metadata":{"emulator":{"name":"functions"},"function":{"name":"us-central1-scanNutritionFromImage"},"extension":{},"message":"[worker-us-central1-scanNutritionFromImage-6e1b9305-4ed9-4c01-ac32-799ac5a9ab6d]: BUSY"}}
[info] >  {"verifications":{"app":"MISSING","auth":"VALID"},"logging.googleapis.com/labels":{"firebase-log-type":"callable-request-verification"},"severity":"DEBUG","message":"Callable request verification passed"} {"user":{"verifications":{"app":"MISSING","auth":"VALID"},"logging.googleapis.com/labels":{"firebase-log-type":"callable-request-verification"},"severity":"DEBUG","message":"Callable request verification passed"},"metadata":{"emulator":{"name":"functions"},"function":{"name":"us-central1-scanNutritionFromImage"},"extension":{},"message":"\u001b[90m> \u001b[39m {\"verifications\":{\"app\":\"MISSING\",\"auth\":\"VALID\"},\"logging.googleapis.com/labels\":{\"firebase-log-type\":\"callable-request-verification\"},\"severity\":\"DEBUG\",\"message\":\"Callable request verification passed\"}"}}
[warn] !  Google API requested!
   - URL: "https://oauth2.googleapis.com/token"
   - Be careful, this may be a production service. {"metadata":{"emulator":{"name":"functions"},"function":{"name":"us-central1-scanNutritionFromImage"},"extension":{},"message":"Google API requested!\n   - URL: \"https://oauth2.googleapis.com/token\"\n   - Be careful, this may be a production service."}}
[debug] [2025-10-26T15:57:53.285Z] Finishing up request with event=pause {"metadata":{"emulator":{"name":"functions"},"function":{"name":"us-central1-scanNutritionFromImage"},"extension":{},"message":"Finishing up request with event=pause"}}
[info] i  functions: Finished "us-central1-scanNutritionFromImage" in 871.2628ms {"metadata":{"emulator":{"name":"functions"},"function":{"name":"us-central1-scanNutritionFromImage"},"extension":{},"message":"Finished \"us-central1-scanNutritionFromImage\" in 871.2628ms"}}
[debug] [2025-10-26T15:57:53.286Z] [worker-us-central1-scanNutritionFromImage-6e1b9305-4ed9-4c01-ac32-799ac5a9ab6d]: IDLE {"metadata":{"emulator":{"name":"functions"},"function":{"name":"us-central1-scanNutritionFromImage"},"extension":{},"message":"[worker-us-central1-scanNutritionFromImage-6e1b9305-4ed9-4c01-ac32-799ac5a9ab6d]: IDLE"}}
[debug] [2025-10-26T15:57:53.286Z] Finishing up request with event=finish {"metadata":{"emulator":{"name":"functions"},"function":{"name":"us-central1-scanNutritionFromImage"},"extension":{},"message":"Finishing up request with event=finish"}}
[debug] [2025-10-26T15:57:53.287Z] Finishing up request with event=close {"metadata":{"emulator":{"name":"functions"},"function":{"name":"us-central1-scanNutritionFromImage"},"extension":{},"message":"Finishing up request with event=close"}}
[debug] [2025-10-26T15:57:53.287Z] [work-queue] {"queuedWork":[],"queueLength":0,"runningWork":[],"workRunningCount":0}
[debug] [2025-10-26T16:04:17.958Z] [work-queue] {"queuedWork":["/nibblewise-78537/us-central1/scanNutritionFromImage-2025-10-26T16:04:17.958Z"],"queueLength":1,"runningWork":[],"workRunningCount":0}
[debug] [2025-10-26T16:04:17.958Z] [work-queue] {"queuedWork":[],"queueLength":0,"runningWork":["/nibblewise-78537/us-central1/scanNutritionFromImage-2025-10-26T16:04:17.958Z"],"workRunningCount":1}
[debug] [2025-10-26T16:04:17.958Z] Accepted request POST /nibblewise-78537/us-central1/scanNutritionFromImage --> us-central1-scanNutritionFromImage
[debug] [2025-10-26T16:04:17.959Z] [functions] Runtime ready! Sending request! {"metadata":{"emulator":{"name":"functions"},"message":"[functions] Runtime ready! Sending request!"}}
[debug] [2025-10-26T16:04:17.959Z] [functions] Got req.url=/nibblewise-78537/us-central1/scanNutritionFromImage, mapping to path=/ {"metadata":{"emulator":{"name":"functions"},"message":"[functions] Got req.url=/nibblewise-78537/us-central1/scanNutritionFromImage, mapping to path=/"}}
[debug] [2025-10-26T16:04:17.959Z] [worker-pool] submitRequest(triggerId=us-central1-scanNutritionFromImage) {"metadata":{"emulator":{"name":"functions"},"message":"[worker-pool] submitRequest(triggerId=us-central1-scanNutritionFromImage)"}}
[info] i  functions: Beginning execution of "us-central1-scanNutritionFromImage" {"metadata":{"emulator":{"name":"functions"},"function":{"name":"us-central1-scanNutritionFromImage"},"extension":{},"message":"Beginning execution of \"us-central1-scanNutritionFromImage\""}}
[debug] [2025-10-26T16:04:17.960Z] [worker-us-central1-scanNutritionFromImage-6e1b9305-4ed9-4c01-ac32-799ac5a9ab6d]: BUSY {"metadata":{"emulator":{"name":"functions"},"function":{"name":"us-central1-scanNutritionFromImage"},"extension":{},"message":"[worker-us-central1-scanNutritionFromImage-6e1b9305-4ed9-4c01-ac32-799ac5a9ab6d]: BUSY"}}
[info] >  {"verifications":{"app":"MISSING","auth":"VALID"},"logging.googleapis.com/labels":{"firebase-log-type":"callable-request-verification"},"severity":"DEBUG","message":"Callable request verification passed"} {"user":{"verifications":{"app":"MISSING","auth":"VALID"},"logging.googleapis.com/labels":{"firebase-log-type":"callable-request-verification"},"severity":"DEBUG","message":"Callable request verification passed"},"metadata":{"emulator":{"name":"functions"},"function":{"name":"us-central1-scanNutritionFromImage"},"extension":{},"message":"\u001b[90m> \u001b[39m {\"verifications\":{\"app\":\"MISSING\",\"auth\":\"VALID\"},\"logging.googleapis.com/labels\":{\"firebase-log-type\":\"callable-request-verification\"},\"severity\":\"DEBUG\",\"message\":\"Callable request verification passed\"}"}}
[debug] [2025-10-26T16:04:18.566Z] Finishing up request with event=pause {"metadata":{"emulator":{"name":"functions"},"function":{"name":"us-central1-scanNutritionFromImage"},"extension":{},"message":"Finishing up request with event=pause"}}
[info] i  functions: Finished "us-central1-scanNutritionFromImage" in 606.0257ms {"metadata":{"emulator":{"name":"functions"},"function":{"name":"us-central1-scanNutritionFromImage"},"extension":{},"message":"Finished \"us-central1-scanNutritionFromImage\" in 606.0257ms"}}
[debug] [2025-10-26T16:04:18.567Z] [worker-us-central1-scanNutritionFromImage-6e1b9305-4ed9-4c01-ac32-799ac5a9ab6d]: IDLE {"metadata":{"emulator":{"name":"functions"},"function":{"name":"us-central1-scanNutritionFromImage"},"extension":{},"message":"[worker-us-central1-scanNutritionFromImage-6e1b9305-4ed9-4c01-ac32-799ac5a9ab6d]: IDLE"}}
[debug] [2025-10-26T16:04:18.567Z] Finishing up request with event=finish {"metadata":{"emulator":{"name":"functions"},"function":{"name":"us-central1-scanNutritionFromImage"},"extension":{},"message":"Finishing up request with event=finish"}}
[debug] [2025-10-26T16:04:18.567Z] Finishing up request with event=close {"metadata":{"emulator":{"name":"functions"},"function":{"name":"us-central1-scanNutritionFromImage"},"extension":{},"message":"Finishing up request with event=close"}}
[debug] [2025-10-26T16:04:18.567Z] [work-queue] {"queuedWork":[],"queueLength":0,"runningWork":[],"workRunningCount":0}
